[15:51:06] [main/INFO]: Setting user: Player701
[15:51:09] [Client thread/INFO]: LWJGL Version: 2.9.1
[15:51:24] [Client thread/INFO]: Reloading ResourceManager: Default, FMLFileResourcePack:Forge Mod Loader, FMLFileResourcePack:Minecraft Forge, FMLFileResourcePack:Advanced Mod
[15:51:26] [Sound Library Loader/INFO]: Sound engine started
[15:51:30] [Client thread/INFO]: Created: 512x256 textures/blocks-atlas
[15:51:30] [Client thread/INFO]: Created: 256x256 textures/items-atlas
[15:51:31] [Client thread/INFO]: Reloading ResourceManager: Default, FMLFileResourcePack:Forge Mod Loader, FMLFileResourcePack:Minecraft Forge, FMLFileResourcePack:Advanced Mod
[15:51:31] [Client thread/INFO]: Created: 512x256 textures/blocks-atlas
[15:51:32] [Client thread/INFO]: Created: 256x256 textures/items-atlas
[15:51:33] [Sound Library Loader/INFO]: Sound engine started
[15:51:42] [Server thread/INFO]: Starting integrated minecraft server version 1.7.10
[15:51:42] [Server thread/INFO]: Generating keypair
[15:51:43] [Server thread/INFO]: Preparing start region for level 0
[15:51:44] [Server thread/INFO]: Preparing spawn area: 21%
[15:51:45] [Server thread/INFO]: Preparing spawn area: 59%
[15:51:46] [Server thread/INFO]: Preparing spawn area: 85%
[15:51:47] [Server thread/INFO]: Changing view distance to 12, from 10
[15:51:48] [Server thread/INFO]: Player701[local:E:dca9f2e7] logged in with entity id 101 at (8.741065305041175, 237.0, 26.54597871816411)
[15:51:48] [Server thread/INFO]: Player701 joined the game
[15:52:50] [Server thread/INFO]: Saving and pausing game...
[15:52:50] [Server thread/INFO]: Saving chunks for level 'DevWorld'/Overworld
[15:52:50] [Server thread/INFO]: Saving chunks for level 'DevWorld'/Nether
[15:52:50] [Server thread/INFO]: Saving chunks for level 'DevWorld'/The End
