[14:51:36] [main/INFO] [GradleStart]: Extra: []
[14:51:36] [main/INFO] [GradleStart]: Running with arguments: [--userProperties, {}, --assetsDir, C:/Users/SamuelPiWalker/.gradle/caches/minecraft/assets, --assetIndex, 1.7.10, --accessToken, {REDACTED}, --version, 1.7.10, --tweakClass, cpw.mods.fml.common.launcher.FMLTweaker, --tweakClass, net.minecraftforge.gradle.tweakers.CoremodTweaker]
[14:51:36] [main/INFO] [LaunchWrapper]: Loading tweak class name cpw.mods.fml.common.launcher.FMLTweaker
[14:51:36] [main/INFO] [LaunchWrapper]: Using primary tweak class name cpw.mods.fml.common.launcher.FMLTweaker
[14:51:36] [main/INFO] [LaunchWrapper]: Loading tweak class name net.minecraftforge.gradle.tweakers.CoremodTweaker
[14:51:36] [main/INFO] [LaunchWrapper]: Calling tweak class cpw.mods.fml.common.launcher.FMLTweaker
[15:17:44] [main/INFO] [GradleStart]: Extra: []
[15:17:44] [main/INFO] [GradleStart]: Running with arguments: [--userProperties, {}, --assetsDir, C:/Users/SamuelPiWalker/.gradle/caches/minecraft/assets, --assetIndex, 1.7.10, --accessToken, {REDACTED}, --version, 1.7.10, --tweakClass, cpw.mods.fml.common.launcher.FMLTweaker, --tweakClass, net.minecraftforge.gradle.tweakers.CoremodTweaker]
[15:17:45] [main/INFO] [LaunchWrapper]: Loading tweak class name cpw.mods.fml.common.launcher.FMLTweaker
[15:17:45] [main/INFO] [LaunchWrapper]: Using primary tweak class name cpw.mods.fml.common.launcher.FMLTweaker
[15:17:45] [main/INFO] [LaunchWrapper]: Loading tweak class name net.minecraftforge.gradle.tweakers.CoremodTweaker
[15:17:45] [main/INFO] [LaunchWrapper]: Calling tweak class cpw.mods.fml.common.launcher.FMLTweaker
[15:22:01] [main/INFO] [GradleStart]: username: ldspcjunkie@gmail.com
[15:22:01] [main/INFO] [GradleStart]: Extra: []
[15:22:01] [main/INFO] [GradleStart]: Password found, attempting login
[15:22:03] [main/INFO] [GradleStart]: Login Succesful!
[15:22:03] [main/INFO] [GradleStart]: Running with arguments: [--userProperties, {"twitch_access_token":["l8wb0ko8l6feqs2g7poz8gwcb3gm6e2"]}, --assetsDir, C:/Users/SamuelPiWalker/.gradle/caches/minecraft/assets, --assetIndex, 1.7.10, --userType, mojang, --accessToken, {REDACTED}, --version, 1.7.10, --uuid, e1cb3bf0635546989d0e6ddfafd3e4a1, --username, PiWalker, --tweakClass, cpw.mods.fml.common.launcher.FMLTweaker, --tweakClass, net.minecraftforge.gradle.tweakers.CoremodTweaker]
[15:22:03] [main/INFO] [LaunchWrapper]: Loading tweak class name cpw.mods.fml.common.launcher.FMLTweaker
[15:22:03] [main/INFO] [LaunchWrapper]: Using primary tweak class name cpw.mods.fml.common.launcher.FMLTweaker
[15:22:03] [main/INFO] [LaunchWrapper]: Loading tweak class name net.minecraftforge.gradle.tweakers.CoremodTweaker
[15:22:03] [main/INFO] [LaunchWrapper]: Calling tweak class cpw.mods.fml.common.launcher.FMLTweaker
[15:35:54] [main/INFO] [GradleStart]: username: ldspcjunkie@gmail.com
[15:35:54] [main/INFO] [GradleStart]: Extra: []
[15:35:54] [main/INFO] [GradleStart]: Password found, attempting login
[15:35:57] [main/INFO] [GradleStart]: Login Succesful!
[15:35:57] [main/INFO] [GradleStart]: Running with arguments: [--userProperties, {"twitch_access_token":["l8wb0ko8l6feqs2g7poz8gwcb3gm6e2"]}, --assetsDir, C:/Users/SamuelPiWalker/.gradle/caches/minecraft/assets, --assetIndex, 1.7.10, --userType, mojang, --accessToken, {REDACTED}, --version, 1.7.10, --uuid, e1cb3bf0635546989d0e6ddfafd3e4a1, --username, PiWalker, --tweakClass, cpw.mods.fml.common.launcher.FMLTweaker, --tweakClass, net.minecraftforge.gradle.tweakers.CoremodTweaker]
[15:35:57] [main/INFO] [LaunchWrapper]: Loading tweak class name cpw.mods.fml.common.launcher.FMLTweaker
[15:35:57] [main/INFO] [LaunchWrapper]: Using primary tweak class name cpw.mods.fml.common.launcher.FMLTweaker
[15:35:57] [main/INFO] [LaunchWrapper]: Loading tweak class name net.minecraftforge.gradle.tweakers.CoremodTweaker
[15:35:57] [main/INFO] [LaunchWrapper]: Calling tweak class cpw.mods.fml.common.launcher.FMLTweaker
[15:36:34] [main/INFO] [GradleStart]: username: ldspcjunkie@gmail.com
[15:36:34] [main/INFO] [GradleStart]: Extra: []
[15:36:34] [main/INFO] [GradleStart]: Password found, attempting login
[15:36:37] [main/INFO] [GradleStart]: Login Succesful!
[15:36:37] [main/INFO] [GradleStart]: Running with arguments: [--userProperties, {"twitch_access_token":["l8wb0ko8l6feqs2g7poz8gwcb3gm6e2"]}, --assetsDir, C:/Users/SamuelPiWalker/.gradle/caches/minecraft/assets, --assetIndex, 1.7.10, --userType, mojang, --accessToken, {REDACTED}, --version, 1.7.10, --uuid, e1cb3bf0635546989d0e6ddfafd3e4a1, --username, PiWalker, --tweakClass, cpw.mods.fml.common.launcher.FMLTweaker, --tweakClass, net.minecraftforge.gradle.tweakers.CoremodTweaker]
[15:36:37] [main/INFO] [LaunchWrapper]: Loading tweak class name cpw.mods.fml.common.launcher.FMLTweaker
[15:36:37] [main/INFO] [LaunchWrapper]: Using primary tweak class name cpw.mods.fml.common.launcher.FMLTweaker
[15:36:37] [main/INFO] [LaunchWrapper]: Loading tweak class name net.minecraftforge.gradle.tweakers.CoremodTweaker
[15:36:37] [main/INFO] [LaunchWrapper]: Calling tweak class cpw.mods.fml.common.launcher.FMLTweaker
[15:38:54] [main/INFO] [GradleStart]: username: ldspcjunkie@gmail.com
[15:38:54] [main/INFO] [GradleStart]: Extra: []
[15:38:54] [main/INFO] [GradleStart]: Password found, attempting login
[15:38:57] [main/INFO] [GradleStart]: Login Succesful!
[15:38:57] [main/INFO] [GradleStart]: Running with arguments: [--userProperties, {"twitch_access_token":["l8wb0ko8l6feqs2g7poz8gwcb3gm6e2"]}, --assetsDir, C:/Users/SamuelPiWalker/.gradle/caches/minecraft/assets, --assetIndex, 1.7.10, --userType, mojang, --accessToken, {REDACTED}, --version, 1.7.10, --uuid, e1cb3bf0635546989d0e6ddfafd3e4a1, --username, PiWalker, --tweakClass, cpw.mods.fml.common.launcher.FMLTweaker, --tweakClass, net.minecraftforge.gradle.tweakers.CoremodTweaker]
[15:38:57] [main/INFO] [LaunchWrapper]: Loading tweak class name cpw.mods.fml.common.launcher.FMLTweaker
[15:38:57] [main/INFO] [LaunchWrapper]: Using primary tweak class name cpw.mods.fml.common.launcher.FMLTweaker
[15:38:57] [main/INFO] [LaunchWrapper]: Loading tweak class name net.minecraftforge.gradle.tweakers.CoremodTweaker
[15:38:57] [main/INFO] [LaunchWrapper]: Calling tweak class cpw.mods.fml.common.launcher.FMLTweaker
[15:48:03] [main/INFO] [GradleStart]: username: ldspcjunkie@gmail.com
[15:48:03] [main/INFO] [GradleStart]: Extra: []
[15:48:03] [main/INFO] [GradleStart]: Password found, attempting login
[15:48:06] [main/INFO] [GradleStart]: Login Succesful!
[15:48:06] [main/INFO] [GradleStart]: Running with arguments: [--userProperties, {"twitch_access_token":["l8wb0ko8l6feqs2g7poz8gwcb3gm6e2"]}, --assetsDir, C:/Users/SamuelPiWalker/.gradle/caches/minecraft/assets, --assetIndex, 1.7.10, --userType, mojang, --accessToken, {REDACTED}, --version, 1.7.10, --uuid, e1cb3bf0635546989d0e6ddfafd3e4a1, --username, PiWalker, --tweakClass, cpw.mods.fml.common.launcher.FMLTweaker, --tweakClass, net.minecraftforge.gradle.tweakers.CoremodTweaker]
[15:48:06] [main/INFO] [LaunchWrapper]: Loading tweak class name cpw.mods.fml.common.launcher.FMLTweaker
[15:48:06] [main/INFO] [LaunchWrapper]: Using primary tweak class name cpw.mods.fml.common.launcher.FMLTweaker
[15:48:06] [main/INFO] [LaunchWrapper]: Loading tweak class name net.minecraftforge.gradle.tweakers.CoremodTweaker
[15:48:06] [main/INFO] [LaunchWrapper]: Calling tweak class cpw.mods.fml.common.launcher.FMLTweaker
[15:59:28] [main/INFO] [GradleStart]: username: ldspcjunkie@gmail.com
[15:59:28] [main/INFO] [GradleStart]: Extra: []
[15:59:28] [main/INFO] [GradleStart]: Password found, attempting login
[15:59:30] [main/INFO] [GradleStart]: Login Succesful!
[15:59:30] [main/INFO] [GradleStart]: Running with arguments: [--userProperties, {"twitch_access_token":["l8wb0ko8l6feqs2g7poz8gwcb3gm6e2"]}, --assetsDir, C:/Users/SamuelPiWalker/.gradle/caches/minecraft/assets, --assetIndex, 1.7.10, --userType, mojang, --accessToken, {REDACTED}, --version, 1.7.10, --uuid, e1cb3bf0635546989d0e6ddfafd3e4a1, --username, PiWalker, --tweakClass, cpw.mods.fml.common.launcher.FMLTweaker, --tweakClass, net.minecraftforge.gradle.tweakers.CoremodTweaker]
[15:59:31] [main/INFO] [LaunchWrapper]: Loading tweak class name cpw.mods.fml.common.launcher.FMLTweaker
[15:59:31] [main/INFO] [LaunchWrapper]: Using primary tweak class name cpw.mods.fml.common.launcher.FMLTweaker
[15:59:31] [main/INFO] [LaunchWrapper]: Loading tweak class name net.minecraftforge.gradle.tweakers.CoremodTweaker
[15:59:31] [main/INFO] [LaunchWrapper]: Calling tweak class cpw.mods.fml.common.launcher.FMLTweaker
[16:01:55] [main/INFO] [GradleStart]: username: ldspcjunkie@gmail.com
[16:01:55] [main/INFO] [GradleStart]: Extra: []
[16:01:55] [main/INFO] [GradleStart]: Password found, attempting login
[16:01:58] [main/INFO] [GradleStart]: Login Succesful!
[16:01:58] [main/INFO] [GradleStart]: Running with arguments: [--userProperties, {"twitch_access_token":["l8wb0ko8l6feqs2g7poz8gwcb3gm6e2"]}, --assetsDir, C:/Users/SamuelPiWalker/.gradle/caches/minecraft/assets, --assetIndex, 1.7.10, --userType, mojang, --accessToken, {REDACTED}, --version, 1.7.10, --uuid, e1cb3bf0635546989d0e6ddfafd3e4a1, --username, PiWalker, --tweakClass, cpw.mods.fml.common.launcher.FMLTweaker, --tweakClass, net.minecraftforge.gradle.tweakers.CoremodTweaker]
[16:01:58] [main/INFO] [LaunchWrapper]: Loading tweak class name cpw.mods.fml.common.launcher.FMLTweaker
[16:01:58] [main/INFO] [LaunchWrapper]: Using primary tweak class name cpw.mods.fml.common.launcher.FMLTweaker
[16:01:58] [main/INFO] [LaunchWrapper]: Loading tweak class name net.minecraftforge.gradle.tweakers.CoremodTweaker
[16:01:58] [main/INFO] [LaunchWrapper]: Calling tweak class cpw.mods.fml.common.launcher.FMLTweaker
[16:02:41] [main/INFO] [GradleStart]: username: ldspcjunkie@gmail.com
[16:02:41] [main/INFO] [GradleStart]: Extra: []
[16:02:41] [main/INFO] [GradleStart]: Password found, attempting login
[16:02:44] [main/INFO] [GradleStart]: Login Succesful!
[16:02:45] [main/INFO] [GradleStart]: Running with arguments: [--userProperties, {"twitch_access_token":["l8wb0ko8l6feqs2g7poz8gwcb3gm6e2"]}, --assetsDir, C:/Users/SamuelPiWalker/.gradle/caches/minecraft/assets, --assetIndex, 1.7.10, --userType, mojang, --accessToken, {REDACTED}, --version, 1.7.10, --uuid, e1cb3bf0635546989d0e6ddfafd3e4a1, --username, PiWalker, --tweakClass, cpw.mods.fml.common.launcher.FMLTweaker, --tweakClass, net.minecraftforge.gradle.tweakers.CoremodTweaker]
[16:02:45] [main/INFO] [LaunchWrapper]: Loading tweak class name cpw.mods.fml.common.launcher.FMLTweaker
[16:02:45] [main/INFO] [LaunchWrapper]: Using primary tweak class name cpw.mods.fml.common.launcher.FMLTweaker
[16:02:45] [main/INFO] [LaunchWrapper]: Loading tweak class name net.minecraftforge.gradle.tweakers.CoremodTweaker
[16:02:45] [main/INFO] [LaunchWrapper]: Calling tweak class cpw.mods.fml.common.launcher.FMLTweaker
[16:05:44] [main/INFO] [GradleStart]: username: ldspcjunkie@gmail.com
[16:05:44] [main/INFO] [GradleStart]: Extra: []
[16:05:44] [main/INFO] [GradleStart]: Password found, attempting login
[16:05:46] [main/INFO] [GradleStart]: Login Succesful!
[16:05:46] [main/INFO] [GradleStart]: Running with arguments: [--userProperties, {"twitch_access_token":["l8wb0ko8l6feqs2g7poz8gwcb3gm6e2"]}, --assetsDir, C:/Users/SamuelPiWalker/.gradle/caches/minecraft/assets, --assetIndex, 1.7.10, --userType, mojang, --accessToken, {REDACTED}, --version, 1.7.10, --uuid, e1cb3bf0635546989d0e6ddfafd3e4a1, --username, PiWalker, --tweakClass, cpw.mods.fml.common.launcher.FMLTweaker, --tweakClass, net.minecraftforge.gradle.tweakers.CoremodTweaker]
[16:05:46] [main/INFO] [LaunchWrapper]: Loading tweak class name cpw.mods.fml.common.launcher.FMLTweaker
[16:05:46] [main/INFO] [LaunchWrapper]: Using primary tweak class name cpw.mods.fml.common.launcher.FMLTweaker
[16:05:46] [main/INFO] [LaunchWrapper]: Loading tweak class name net.minecraftforge.gradle.tweakers.CoremodTweaker
[16:05:46] [main/INFO] [LaunchWrapper]: Calling tweak class cpw.mods.fml.common.launcher.FMLTweaker
[16:06:12] [main/INFO] [GradleStart]: username: ldspcjunkie@gmail.com
[16:06:12] [main/INFO] [GradleStart]: Extra: []
[16:06:12] [main/INFO] [GradleStart]: Password found, attempting login
[16:06:15] [main/INFO] [GradleStart]: Login Succesful!
[16:06:15] [main/INFO] [GradleStart]: Running with arguments: [--userProperties, {"twitch_access_token":["l8wb0ko8l6feqs2g7poz8gwcb3gm6e2"]}, --assetsDir, C:/Users/SamuelPiWalker/.gradle/caches/minecraft/assets, --assetIndex, 1.7.10, --userType, mojang, --accessToken, {REDACTED}, --version, 1.7.10, --uuid, e1cb3bf0635546989d0e6ddfafd3e4a1, --username, PiWalker, --tweakClass, cpw.mods.fml.common.launcher.FMLTweaker, --tweakClass, net.minecraftforge.gradle.tweakers.CoremodTweaker]
[16:06:15] [main/INFO] [LaunchWrapper]: Loading tweak class name cpw.mods.fml.common.launcher.FMLTweaker
[16:06:16] [main/INFO] [LaunchWrapper]: Using primary tweak class name cpw.mods.fml.common.launcher.FMLTweaker
[16:06:16] [main/INFO] [LaunchWrapper]: Loading tweak class name net.minecraftforge.gradle.tweakers.CoremodTweaker
[16:06:16] [main/INFO] [LaunchWrapper]: Calling tweak class cpw.mods.fml.common.launcher.FMLTweaker
[16:08:25] [main/INFO] [GradleStart]: username: ldspcjunkie@gmail.com
[16:08:25] [main/INFO] [GradleStart]: Extra: []
[16:08:25] [main/INFO] [GradleStart]: Password found, attempting login
[16:08:29] [main/INFO] [GradleStart]: Login Succesful!
[16:08:29] [main/INFO] [GradleStart]: Running with arguments: [--userProperties, {"twitch_access_token":["l8wb0ko8l6feqs2g7poz8gwcb3gm6e2"]}, --assetsDir, C:/Users/SamuelPiWalker/.gradle/caches/minecraft/assets, --assetIndex, 1.7.10, --userType, mojang, --accessToken, {REDACTED}, --version, 1.7.10, --uuid, e1cb3bf0635546989d0e6ddfafd3e4a1, --username, PiWalker, --tweakClass, cpw.mods.fml.common.launcher.FMLTweaker, --tweakClass, net.minecraftforge.gradle.tweakers.CoremodTweaker]
[16:08:29] [main/INFO] [LaunchWrapper]: Loading tweak class name cpw.mods.fml.common.launcher.FMLTweaker
[16:08:29] [main/INFO] [LaunchWrapper]: Using primary tweak class name cpw.mods.fml.common.launcher.FMLTweaker
[16:08:29] [main/INFO] [LaunchWrapper]: Loading tweak class name net.minecraftforge.gradle.tweakers.CoremodTweaker
[16:08:29] [main/INFO] [LaunchWrapper]: Calling tweak class cpw.mods.fml.common.launcher.FMLTweaker
[16:11:44] [main/INFO] [GradleStart]: username: ldspcjunkie@gmail.com
[16:11:44] [main/INFO] [GradleStart]: Extra: []
[16:11:44] [main/INFO] [GradleStart]: Password found, attempting login
[16:11:46] [main/INFO] [GradleStart]: Login Succesful!
[16:11:46] [main/INFO] [GradleStart]: Running with arguments: [--userProperties, {"twitch_access_token":["l8wb0ko8l6feqs2g7poz8gwcb3gm6e2"]}, --assetsDir, C:/Users/SamuelPiWalker/.gradle/caches/minecraft/assets, --assetIndex, 1.7.10, --userType, mojang, --accessToken, {REDACTED}, --version, 1.7.10, --uuid, e1cb3bf0635546989d0e6ddfafd3e4a1, --username, PiWalker, --tweakClass, cpw.mods.fml.common.launcher.FMLTweaker, --tweakClass, net.minecraftforge.gradle.tweakers.CoremodTweaker]
[16:11:46] [main/INFO] [LaunchWrapper]: Loading tweak class name cpw.mods.fml.common.launcher.FMLTweaker
[16:11:46] [main/INFO] [LaunchWrapper]: Using primary tweak class name cpw.mods.fml.common.launcher.FMLTweaker
[16:11:46] [main/INFO] [LaunchWrapper]: Loading tweak class name net.minecraftforge.gradle.tweakers.CoremodTweaker
[16:11:46] [main/INFO] [LaunchWrapper]: Calling tweak class cpw.mods.fml.common.launcher.FMLTweaker
[16:18:02] [main/INFO] [GradleStart]: username: ldspcjunkie@gmail.com
[16:18:02] [main/INFO] [GradleStart]: Extra: []
[16:18:02] [main/INFO] [GradleStart]: Password found, attempting login
[16:18:04] [main/INFO] [GradleStart]: Login Succesful!
[16:18:05] [main/INFO] [GradleStart]: Running with arguments: [--userProperties, {"twitch_access_token":["l8wb0ko8l6feqs2g7poz8gwcb3gm6e2"]}, --assetsDir, C:/Users/SamuelPiWalker/.gradle/caches/minecraft/assets, --assetIndex, 1.7.10, --userType, mojang, --accessToken, {REDACTED}, --version, 1.7.10, --uuid, e1cb3bf0635546989d0e6ddfafd3e4a1, --username, PiWalker, --tweakClass, cpw.mods.fml.common.launcher.FMLTweaker, --tweakClass, net.minecraftforge.gradle.tweakers.CoremodTweaker]
[16:18:05] [main/INFO] [LaunchWrapper]: Loading tweak class name cpw.mods.fml.common.launcher.FMLTweaker
[16:18:05] [main/INFO] [LaunchWrapper]: Using primary tweak class name cpw.mods.fml.common.launcher.FMLTweaker
[16:18:05] [main/INFO] [LaunchWrapper]: Loading tweak class name net.minecraftforge.gradle.tweakers.CoremodTweaker
[16:18:05] [main/INFO] [LaunchWrapper]: Calling tweak class cpw.mods.fml.common.launcher.FMLTweaker
[16:20:24] [main/INFO] [GradleStart]: username: ldspcjunkie@gmail.com
[16:20:24] [main/INFO] [GradleStart]: Extra: []
[16:20:24] [main/INFO] [GradleStart]: Password found, attempting login
[16:20:26] [main/INFO] [GradleStart]: Login Succesful!
[16:20:26] [main/INFO] [GradleStart]: Running with arguments: [--userProperties, {"twitch_access_token":["l8wb0ko8l6feqs2g7poz8gwcb3gm6e2"]}, --assetsDir, C:/Users/SamuelPiWalker/.gradle/caches/minecraft/assets, --assetIndex, 1.7.10, --userType, mojang, --accessToken, {REDACTED}, --version, 1.7.10, --uuid, e1cb3bf0635546989d0e6ddfafd3e4a1, --username, PiWalker, --tweakClass, cpw.mods.fml.common.launcher.FMLTweaker, --tweakClass, net.minecraftforge.gradle.tweakers.CoremodTweaker]
[16:20:26] [main/INFO] [LaunchWrapper]: Loading tweak class name cpw.mods.fml.common.launcher.FMLTweaker
[16:20:26] [main/INFO] [LaunchWrapper]: Using primary tweak class name cpw.mods.fml.common.launcher.FMLTweaker
[16:20:26] [main/INFO] [LaunchWrapper]: Loading tweak class name net.minecraftforge.gradle.tweakers.CoremodTweaker
[16:20:26] [main/INFO] [LaunchWrapper]: Calling tweak class cpw.mods.fml.common.launcher.FMLTweaker
[16:22:42] [main/INFO] [GradleStart]: username: ldspcjunkie@gmail.com
[16:22:42] [main/INFO] [GradleStart]: Extra: []
[16:22:42] [main/INFO] [GradleStart]: Password found, attempting login
[16:22:45] [main/INFO] [GradleStart]: Login Succesful!
[16:22:46] [main/INFO] [GradleStart]: Running with arguments: [--userProperties, {"twitch_access_token":["l8wb0ko8l6feqs2g7poz8gwcb3gm6e2"]}, --assetsDir, C:/Users/SamuelPiWalker/.gradle/caches/minecraft/assets, --assetIndex, 1.7.10, --userType, mojang, --accessToken, {REDACTED}, --version, 1.7.10, --uuid, e1cb3bf0635546989d0e6ddfafd3e4a1, --username, PiWalker, --tweakClass, cpw.mods.fml.common.launcher.FMLTweaker, --tweakClass, net.minecraftforge.gradle.tweakers.CoremodTweaker]
[16:22:46] [main/INFO] [LaunchWrapper]: Loading tweak class name cpw.mods.fml.common.launcher.FMLTweaker
[16:22:46] [main/INFO] [LaunchWrapper]: Using primary tweak class name cpw.mods.fml.common.launcher.FMLTweaker
[16:22:46] [main/INFO] [LaunchWrapper]: Loading tweak class name net.minecraftforge.gradle.tweakers.CoremodTweaker
[16:22:46] [main/INFO] [LaunchWrapper]: Calling tweak class cpw.mods.fml.common.launcher.FMLTweaker
[20:33:57] [main/INFO] [GradleStart]: username: ldspcjunkie@gmail.com
[20:33:57] [main/INFO] [GradleStart]: Extra: []
[20:33:57] [main/INFO] [GradleStart]: Password found, attempting login
[20:34:01] [main/INFO] [GradleStart]: Login Succesful!
[20:34:02] [main/INFO] [GradleStart]: Running with arguments: [--userProperties, {"twitch_access_token":["l8wb0ko8l6feqs2g7poz8gwcb3gm6e2"]}, --assetsDir, C:/Users/SamuelPiWalker/.gradle/caches/minecraft/assets, --assetIndex, 1.7.10, --userType, mojang, --accessToken, {REDACTED}, --version, 1.7.10, --uuid, e1cb3bf0635546989d0e6ddfafd3e4a1, --username, PiWalker, --tweakClass, cpw.mods.fml.common.launcher.FMLTweaker, --tweakClass, net.minecraftforge.gradle.tweakers.CoremodTweaker]
[20:34:02] [main/INFO] [LaunchWrapper]: Loading tweak class name cpw.mods.fml.common.launcher.FMLTweaker
[20:34:02] [main/INFO] [LaunchWrapper]: Using primary tweak class name cpw.mods.fml.common.launcher.FMLTweaker
[20:34:02] [main/INFO] [LaunchWrapper]: Loading tweak class name net.minecraftforge.gradle.tweakers.CoremodTweaker
[20:34:02] [main/INFO] [LaunchWrapper]: Calling tweak class cpw.mods.fml.common.launcher.FMLTweaker
[20:39:44] [main/INFO] [GradleStart]: username: ldspcjunkie@gmail.com
[20:39:45] [main/INFO] [GradleStart]: Extra: []
[20:39:45] [main/INFO] [GradleStart]: Password found, attempting login
[20:39:47] [main/INFO] [GradleStart]: Login Succesful!
[20:39:47] [main/INFO] [GradleStart]: Running with arguments: [--userProperties, {"twitch_access_token":["l8wb0ko8l6feqs2g7poz8gwcb3gm6e2"]}, --assetsDir, C:/Users/SamuelPiWalker/.gradle/caches/minecraft/assets, --assetIndex, 1.7.10, --userType, mojang, --accessToken, {REDACTED}, --version, 1.7.10, --uuid, e1cb3bf0635546989d0e6ddfafd3e4a1, --username, PiWalker, --tweakClass, cpw.mods.fml.common.launcher.FMLTweaker, --tweakClass, net.minecraftforge.gradle.tweakers.CoremodTweaker]
[20:39:47] [main/INFO] [LaunchWrapper]: Loading tweak class name cpw.mods.fml.common.launcher.FMLTweaker
[20:39:47] [main/INFO] [LaunchWrapper]: Using primary tweak class name cpw.mods.fml.common.launcher.FMLTweaker
[20:39:47] [main/INFO] [LaunchWrapper]: Loading tweak class name net.minecraftforge.gradle.tweakers.CoremodTweaker
[20:39:48] [main/INFO] [LaunchWrapper]: Calling tweak class cpw.mods.fml.common.launcher.FMLTweaker
[20:42:16] [main/INFO] [GradleStart]: username: ldspcjunkie@gmail.com
[20:42:17] [main/INFO] [GradleStart]: Extra: []
[20:42:17] [main/INFO] [GradleStart]: Password found, attempting login
[20:42:19] [main/INFO] [GradleStart]: Login Succesful!
[20:42:19] [main/INFO] [GradleStart]: Running with arguments: [--userProperties, {"twitch_access_token":["l8wb0ko8l6feqs2g7poz8gwcb3gm6e2"]}, --assetsDir, C:/Users/SamuelPiWalker/.gradle/caches/minecraft/assets, --assetIndex, 1.7.10, --userType, mojang, --accessToken, {REDACTED}, --version, 1.7.10, --uuid, e1cb3bf0635546989d0e6ddfafd3e4a1, --username, PiWalker, --tweakClass, cpw.mods.fml.common.launcher.FMLTweaker, --tweakClass, net.minecraftforge.gradle.tweakers.CoremodTweaker]
[20:42:19] [main/INFO] [LaunchWrapper]: Loading tweak class name cpw.mods.fml.common.launcher.FMLTweaker
[20:42:19] [main/INFO] [LaunchWrapper]: Using primary tweak class name cpw.mods.fml.common.launcher.FMLTweaker
[20:42:19] [main/INFO] [LaunchWrapper]: Loading tweak class name net.minecraftforge.gradle.tweakers.CoremodTweaker
[20:42:19] [main/INFO] [LaunchWrapper]: Calling tweak class cpw.mods.fml.common.launcher.FMLTweaker
[20:51:10] [main/INFO] [GradleStart]: username: ldspcjunkie@gmail.com
[20:51:10] [main/INFO] [GradleStart]: Extra: []
[20:51:10] [main/INFO] [GradleStart]: Password found, attempting login
[20:51:12] [main/INFO] [GradleStart]: Login Succesful!
[20:51:12] [main/INFO] [GradleStart]: Running with arguments: [--userProperties, {"twitch_access_token":["l8wb0ko8l6feqs2g7poz8gwcb3gm6e2"]}, --assetsDir, C:/Users/SamuelPiWalker/.gradle/caches/minecraft/assets, --assetIndex, 1.7.10, --userType, mojang, --accessToken, {REDACTED}, --version, 1.7.10, --uuid, e1cb3bf0635546989d0e6ddfafd3e4a1, --username, PiWalker, --tweakClass, cpw.mods.fml.common.launcher.FMLTweaker, --tweakClass, net.minecraftforge.gradle.tweakers.CoremodTweaker]
[20:51:12] [main/INFO] [LaunchWrapper]: Loading tweak class name cpw.mods.fml.common.launcher.FMLTweaker
[20:51:12] [main/INFO] [LaunchWrapper]: Using primary tweak class name cpw.mods.fml.common.launcher.FMLTweaker
[20:51:12] [main/INFO] [LaunchWrapper]: Loading tweak class name net.minecraftforge.gradle.tweakers.CoremodTweaker
[20:51:12] [main/INFO] [LaunchWrapper]: Calling tweak class cpw.mods.fml.common.launcher.FMLTweaker
[21:05:18] [main/INFO] [GradleStart]: username: ldspcjunkie@gmail.com
[21:05:18] [main/INFO] [GradleStart]: Extra: []
[21:05:18] [main/INFO] [GradleStart]: Password found, attempting login
[21:05:20] [main/INFO] [GradleStart]: Login Succesful!
[21:05:20] [main/INFO] [GradleStart]: Running with arguments: [--userProperties, {"twitch_access_token":["l8wb0ko8l6feqs2g7poz8gwcb3gm6e2"]}, --assetsDir, C:/Users/SamuelPiWalker/.gradle/caches/minecraft/assets, --assetIndex, 1.7.10, --userType, mojang, --accessToken, {REDACTED}, --version, 1.7.10, --uuid, e1cb3bf0635546989d0e6ddfafd3e4a1, --username, PiWalker, --tweakClass, cpw.mods.fml.common.launcher.FMLTweaker, --tweakClass, net.minecraftforge.gradle.tweakers.CoremodTweaker]
[21:05:20] [main/INFO] [LaunchWrapper]: Loading tweak class name cpw.mods.fml.common.launcher.FMLTweaker
[21:05:20] [main/INFO] [LaunchWrapper]: Using primary tweak class name cpw.mods.fml.common.launcher.FMLTweaker
[21:05:20] [main/INFO] [LaunchWrapper]: Loading tweak class name net.minecraftforge.gradle.tweakers.CoremodTweaker
[21:05:20] [main/INFO] [LaunchWrapper]: Calling tweak class cpw.mods.fml.common.launcher.FMLTweaker
[21:14:09] [main/INFO] [GradleStart]: username: ldspcjunkie@gmail.com
[21:14:09] [main/INFO] [GradleStart]: Extra: []
[21:14:09] [main/INFO] [GradleStart]: Password found, attempting login
[21:14:11] [main/INFO] [GradleStart]: Login Succesful!
[21:14:11] [main/INFO] [GradleStart]: Running with arguments: [--userProperties, {"twitch_access_token":["l8wb0ko8l6feqs2g7poz8gwcb3gm6e2"]}, --assetsDir, C:/Users/SamuelPiWalker/.gradle/caches/minecraft/assets, --assetIndex, 1.7.10, --userType, mojang, --accessToken, {REDACTED}, --version, 1.7.10, --uuid, e1cb3bf0635546989d0e6ddfafd3e4a1, --username, PiWalker, --tweakClass, cpw.mods.fml.common.launcher.FMLTweaker, --tweakClass, net.minecraftforge.gradle.tweakers.CoremodTweaker]
[21:14:11] [main/INFO] [LaunchWrapper]: Loading tweak class name cpw.mods.fml.common.launcher.FMLTweaker
[21:14:11] [main/INFO] [LaunchWrapper]: Using primary tweak class name cpw.mods.fml.common.launcher.FMLTweaker
[21:14:11] [main/INFO] [LaunchWrapper]: Loading tweak class name net.minecraftforge.gradle.tweakers.CoremodTweaker
[21:14:11] [main/INFO] [LaunchWrapper]: Calling tweak class cpw.mods.fml.common.launcher.FMLTweaker
[22:02:33] [main/INFO] [GradleStart]: username: ldspcjunkie@gmail.com
[22:02:33] [main/INFO] [GradleStart]: Extra: []
[22:02:33] [main/INFO] [GradleStart]: Password found, attempting login
[22:02:35] [main/INFO] [GradleStart]: Login Succesful!
[22:02:35] [main/INFO] [GradleStart]: Running with arguments: [--userProperties, {"twitch_access_token":["l8wb0ko8l6feqs2g7poz8gwcb3gm6e2"]}, --assetsDir, C:/Users/SamuelPiWalker/.gradle/caches/minecraft/assets, --assetIndex, 1.7.10, --userType, mojang, --accessToken, {REDACTED}, --version, 1.7.10, --uuid, e1cb3bf0635546989d0e6ddfafd3e4a1, --username, PiWalker, --tweakClass, cpw.mods.fml.common.launcher.FMLTweaker, --tweakClass, net.minecraftforge.gradle.tweakers.CoremodTweaker]
[22:02:35] [main/INFO] [LaunchWrapper]: Loading tweak class name cpw.mods.fml.common.launcher.FMLTweaker
[22:02:35] [main/INFO] [LaunchWrapper]: Using primary tweak class name cpw.mods.fml.common.launcher.FMLTweaker
[22:02:35] [main/INFO] [LaunchWrapper]: Loading tweak class name net.minecraftforge.gradle.tweakers.CoremodTweaker
[22:02:36] [main/INFO] [LaunchWrapper]: Calling tweak class cpw.mods.fml.common.launcher.FMLTweaker
[22:14:07] [main/INFO] [GradleStart]: username: ldspcjunkie@gmail.com
[22:14:07] [main/INFO] [GradleStart]: Extra: []
[22:14:07] [main/INFO] [GradleStart]: Password found, attempting login
[22:14:09] [main/INFO] [GradleStart]: Login Succesful!
[22:14:10] [main/INFO] [GradleStart]: Running with arguments: [--userProperties, {"twitch_access_token":["l8wb0ko8l6feqs2g7poz8gwcb3gm6e2"]}, --assetsDir, C:/Users/SamuelPiWalker/.gradle/caches/minecraft/assets, --assetIndex, 1.7.10, --userType, mojang, --accessToken, {REDACTED}, --version, 1.7.10, --uuid, e1cb3bf0635546989d0e6ddfafd3e4a1, --username, PiWalker, --tweakClass, cpw.mods.fml.common.launcher.FMLTweaker, --tweakClass, net.minecraftforge.gradle.tweakers.CoremodTweaker]
[22:14:10] [main/INFO] [LaunchWrapper]: Loading tweak class name cpw.mods.fml.common.launcher.FMLTweaker
[22:14:10] [main/INFO] [LaunchWrapper]: Using primary tweak class name cpw.mods.fml.common.launcher.FMLTweaker
[22:14:10] [main/INFO] [LaunchWrapper]: Loading tweak class name net.minecraftforge.gradle.tweakers.CoremodTweaker
[22:14:10] [main/INFO] [LaunchWrapper]: Calling tweak class cpw.mods.fml.common.launcher.FMLTweaker
[15:40:40] [main/INFO] [GradleStart]: Extra: []
[15:40:40] [main/INFO] [GradleStart]: Running with arguments: [--userProperties, {}, --assetsDir, C:/Users/SamuelPiWalker/.gradle/caches/minecraft/assets, --assetIndex, 1.7.10, --accessToken, {REDACTED}, --version, 1.7.10, --tweakClass, cpw.mods.fml.common.launcher.FMLTweaker, --tweakClass, net.minecraftforge.gradle.tweakers.CoremodTweaker]
[15:40:41] [main/INFO] [LaunchWrapper]: Loading tweak class name cpw.mods.fml.common.launcher.FMLTweaker
[15:40:41] [main/INFO] [LaunchWrapper]: Using primary tweak class name cpw.mods.fml.common.launcher.FMLTweaker
[15:40:41] [main/INFO] [LaunchWrapper]: Loading tweak class name net.minecraftforge.gradle.tweakers.CoremodTweaker
[15:40:41] [main/INFO] [LaunchWrapper]: Calling tweak class cpw.mods.fml.common.launcher.FMLTweaker
[15:50:57] [main/INFO] [GradleStart]: Extra: []
[15:50:57] [main/INFO] [GradleStart]: Running with arguments: [--userProperties, {}, --assetsDir, C:/Users/SamuelPiWalker/.gradle/caches/minecraft/assets, --assetIndex, 1.7.10, --accessToken, {REDACTED}, --version, 1.7.10, --tweakClass, cpw.mods.fml.common.launcher.FMLTweaker, --tweakClass, net.minecraftforge.gradle.tweakers.CoremodTweaker]
[15:50:58] [main/INFO] [LaunchWrapper]: Loading tweak class name cpw.mods.fml.common.launcher.FMLTweaker
[15:50:58] [main/INFO] [LaunchWrapper]: Using primary tweak class name cpw.mods.fml.common.launcher.FMLTweaker
[15:50:58] [main/INFO] [LaunchWrapper]: Loading tweak class name net.minecraftforge.gradle.tweakers.CoremodTweaker
[15:50:58] [main/INFO] [LaunchWrapper]: Calling tweak class cpw.mods.fml.common.launcher.FMLTweaker
[15:53:46] [main/INFO] [GradleStart]: Extra: []
[15:53:46] [main/INFO] [GradleStart]: Running with arguments: [--userProperties, {}, --assetsDir, C:/Users/SamuelPiWalker/.gradle/caches/minecraft/assets, --assetIndex, 1.7.10, --accessToken, {REDACTED}, --version, 1.7.10, --tweakClass, cpw.mods.fml.common.launcher.FMLTweaker, --tweakClass, net.minecraftforge.gradle.tweakers.CoremodTweaker]
[15:53:46] [main/INFO] [LaunchWrapper]: Loading tweak class name cpw.mods.fml.common.launcher.FMLTweaker
[15:53:46] [main/INFO] [LaunchWrapper]: Using primary tweak class name cpw.mods.fml.common.launcher.FMLTweaker
[15:53:46] [main/INFO] [LaunchWrapper]: Loading tweak class name net.minecraftforge.gradle.tweakers.CoremodTweaker
[15:53:46] [main/INFO] [LaunchWrapper]: Calling tweak class cpw.mods.fml.common.launcher.FMLTweaker
[15:54:20] [main/INFO] [GradleStart]: Extra: []
[15:54:20] [main/INFO] [GradleStart]: Running with arguments: [--userProperties, {}, --assetsDir, C:/Users/SamuelPiWalker/.gradle/caches/minecraft/assets, --assetIndex, 1.7.10, --accessToken, {REDACTED}, --version, 1.7.10, --tweakClass, cpw.mods.fml.common.launcher.FMLTweaker, --tweakClass, net.minecraftforge.gradle.tweakers.CoremodTweaker]
[15:54:20] [main/INFO] [LaunchWrapper]: Loading tweak class name cpw.mods.fml.common.launcher.FMLTweaker
[15:54:20] [main/INFO] [LaunchWrapper]: Using primary tweak class name cpw.mods.fml.common.launcher.FMLTweaker
[15:54:20] [main/INFO] [LaunchWrapper]: Loading tweak class name net.minecraftforge.gradle.tweakers.CoremodTweaker
[15:54:20] [main/INFO] [LaunchWrapper]: Calling tweak class cpw.mods.fml.common.launcher.FMLTweaker
[10:12:13] [main/INFO] [GradleStart]: Extra: []
[10:12:13] [main/INFO] [GradleStart]: Running with arguments: [--userProperties, {}, --assetsDir, C:/Users/SamuelPiWalker/.gradle/caches/minecraft/assets, --assetIndex, 1.7.10, --accessToken, {REDACTED}, --version, 1.7.10, --tweakClass, cpw.mods.fml.common.launcher.FMLTweaker, --tweakClass, net.minecraftforge.gradle.tweakers.CoremodTweaker]
[10:12:13] [main/INFO] [LaunchWrapper]: Loading tweak class name cpw.mods.fml.common.launcher.FMLTweaker
[10:12:14] [main/INFO] [LaunchWrapper]: Using primary tweak class name cpw.mods.fml.common.launcher.FMLTweaker
[10:12:14] [main/INFO] [LaunchWrapper]: Loading tweak class name net.minecraftforge.gradle.tweakers.CoremodTweaker
[10:12:14] [main/INFO] [LaunchWrapper]: Calling tweak class cpw.mods.fml.common.launcher.FMLTweaker
[10:16:18] [main/INFO] [GradleStart]: username: ldspcjunkie@gmail.com
[10:16:18] [main/INFO] [GradleStart]: Extra: []
[10:16:18] [main/INFO] [GradleStart]: Password found, attempting login
[10:16:20] [main/INFO] [GradleStart]: Login Succesful!
[10:16:20] [main/INFO] [GradleStart]: Running with arguments: [--userProperties, {"twitch_access_token":["l8wb0ko8l6feqs2g7poz8gwcb3gm6e2"]}, --assetsDir, C:/Users/SamuelPiWalker/.gradle/caches/minecraft/assets, --assetIndex, 1.7.10, --userType, mojang, --accessToken, {REDACTED}, --version, 1.7.10, --uuid, e1cb3bf0635546989d0e6ddfafd3e4a1, --username, PiWalker, --tweakClass, cpw.mods.fml.common.launcher.FMLTweaker, --tweakClass, net.minecraftforge.gradle.tweakers.CoremodTweaker]
[10:16:21] [main/INFO] [LaunchWrapper]: Loading tweak class name cpw.mods.fml.common.launcher.FMLTweaker
[10:16:21] [main/INFO] [LaunchWrapper]: Using primary tweak class name cpw.mods.fml.common.launcher.FMLTweaker
[10:16:21] [main/INFO] [LaunchWrapper]: Loading tweak class name net.minecraftforge.gradle.tweakers.CoremodTweaker
[10:16:21] [main/INFO] [LaunchWrapper]: Calling tweak class cpw.mods.fml.common.launcher.FMLTweaker
[10:21:06] [main/INFO] [GradleStart]: username: ldspcjunkie@gmail.com
[10:21:06] [main/INFO] [GradleStart]: Extra: []
[10:21:06] [main/INFO] [GradleStart]: Password found, attempting login
[10:21:08] [main/INFO] [GradleStart]: Login Succesful!
[10:21:08] [main/INFO] [GradleStart]: Running with arguments: [--userProperties, {"twitch_access_token":["l8wb0ko8l6feqs2g7poz8gwcb3gm6e2"]}, --assetsDir, C:/Users/SamuelPiWalker/.gradle/caches/minecraft/assets, --assetIndex, 1.7.10, --userType, mojang, --accessToken, {REDACTED}, --version, 1.7.10, --uuid, e1cb3bf0635546989d0e6ddfafd3e4a1, --username, PiWalker, --tweakClass, cpw.mods.fml.common.launcher.FMLTweaker, --tweakClass, net.minecraftforge.gradle.tweakers.CoremodTweaker]
[10:21:08] [main/INFO] [LaunchWrapper]: Loading tweak class name cpw.mods.fml.common.launcher.FMLTweaker
[10:21:08] [main/INFO] [LaunchWrapper]: Using primary tweak class name cpw.mods.fml.common.launcher.FMLTweaker
[10:21:08] [main/INFO] [LaunchWrapper]: Loading tweak class name net.minecraftforge.gradle.tweakers.CoremodTweaker
[10:21:08] [main/INFO] [LaunchWrapper]: Calling tweak class cpw.mods.fml.common.launcher.FMLTweaker
[10:23:11] [main/INFO] [GradleStart]: username: ldspcjunkie@gmail.com
[10:23:11] [main/INFO] [GradleStart]: Extra: []
[10:23:11] [main/INFO] [GradleStart]: Password found, attempting login
[10:23:13] [main/INFO] [GradleStart]: Login Succesful!
[10:23:13] [main/INFO] [GradleStart]: Running with arguments: [--userProperties, {"twitch_access_token":["l8wb0ko8l6feqs2g7poz8gwcb3gm6e2"]}, --assetsDir, C:/Users/SamuelPiWalker/.gradle/caches/minecraft/assets, --assetIndex, 1.7.10, --userType, mojang, --accessToken, {REDACTED}, --version, 1.7.10, --uuid, e1cb3bf0635546989d0e6ddfafd3e4a1, --username, PiWalker, --tweakClass, cpw.mods.fml.common.launcher.FMLTweaker, --tweakClass, net.minecraftforge.gradle.tweakers.CoremodTweaker]
[10:23:13] [main/INFO] [LaunchWrapper]: Loading tweak class name cpw.mods.fml.common.launcher.FMLTweaker
[10:23:13] [main/INFO] [LaunchWrapper]: Using primary tweak class name cpw.mods.fml.common.launcher.FMLTweaker
[10:23:13] [main/INFO] [LaunchWrapper]: Loading tweak class name net.minecraftforge.gradle.tweakers.CoremodTweaker
[10:23:13] [main/INFO] [LaunchWrapper]: Calling tweak class cpw.mods.fml.common.launcher.FMLTweaker
[10:30:45] [main/INFO] [GradleStart]: username: ldspcjunkie@gmail.com
[10:30:45] [main/INFO] [GradleStart]: Extra: []
[10:30:45] [main/INFO] [GradleStart]: Password found, attempting login
[10:30:47] [main/INFO] [GradleStart]: Login Succesful!
[10:30:48] [main/INFO] [GradleStart]: Running with arguments: [--userProperties, {"twitch_access_token":["l8wb0ko8l6feqs2g7poz8gwcb3gm6e2"]}, --assetsDir, C:/Users/SamuelPiWalker/.gradle/caches/minecraft/assets, --assetIndex, 1.7.10, --userType, mojang, --accessToken, {REDACTED}, --version, 1.7.10, --uuid, e1cb3bf0635546989d0e6ddfafd3e4a1, --username, PiWalker, --tweakClass, cpw.mods.fml.common.launcher.FMLTweaker, --tweakClass, net.minecraftforge.gradle.tweakers.CoremodTweaker]
[10:30:48] [main/INFO] [LaunchWrapper]: Loading tweak class name cpw.mods.fml.common.launcher.FMLTweaker
[10:30:48] [main/INFO] [LaunchWrapper]: Using primary tweak class name cpw.mods.fml.common.launcher.FMLTweaker
[10:30:48] [main/INFO] [LaunchWrapper]: Loading tweak class name net.minecraftforge.gradle.tweakers.CoremodTweaker
[10:30:48] [main/INFO] [LaunchWrapper]: Calling tweak class cpw.mods.fml.common.launcher.FMLTweaker
[10:32:46] [main/INFO] [GradleStart]: username: ldspcjunkie@gmail.com
[10:32:46] [main/INFO] [GradleStart]: Extra: []
[10:32:46] [main/INFO] [GradleStart]: Password found, attempting login
[10:32:48] [main/INFO] [GradleStart]: Login Succesful!
[10:32:49] [main/INFO] [GradleStart]: Running with arguments: [--userProperties, {"twitch_access_token":["l8wb0ko8l6feqs2g7poz8gwcb3gm6e2"]}, --assetsDir, C:/Users/SamuelPiWalker/.gradle/caches/minecraft/assets, --assetIndex, 1.7.10, --userType, mojang, --accessToken, {REDACTED}, --version, 1.7.10, --uuid, e1cb3bf0635546989d0e6ddfafd3e4a1, --username, PiWalker, --tweakClass, cpw.mods.fml.common.launcher.FMLTweaker, --tweakClass, net.minecraftforge.gradle.tweakers.CoremodTweaker]
[10:32:49] [main/INFO] [LaunchWrapper]: Loading tweak class name cpw.mods.fml.common.launcher.FMLTweaker
[10:32:49] [main/INFO] [LaunchWrapper]: Using primary tweak class name cpw.mods.fml.common.launcher.FMLTweaker
[10:32:49] [main/INFO] [LaunchWrapper]: Loading tweak class name net.minecraftforge.gradle.tweakers.CoremodTweaker
[10:32:49] [main/INFO] [LaunchWrapper]: Calling tweak class cpw.mods.fml.common.launcher.FMLTweaker
[11:30:19] [main/INFO] [GradleStart]: username: ldspcjunkie@gmail.com
[11:30:19] [main/INFO] [GradleStart]: Extra: []
[11:30:19] [main/INFO] [GradleStart]: Password found, attempting login
[11:30:22] [main/INFO] [GradleStart]: Login Succesful!
[11:30:22] [main/INFO] [GradleStart]: Running with arguments: [--userProperties, {"twitch_access_token":["l8wb0ko8l6feqs2g7poz8gwcb3gm6e2"]}, --assetsDir, C:/Users/SamuelPiWalker/.gradle/caches/minecraft/assets, --assetIndex, 1.7.10, --userType, mojang, --accessToken, {REDACTED}, --version, 1.7.10, --uuid, e1cb3bf0635546989d0e6ddfafd3e4a1, --username, PiWalker, --tweakClass, cpw.mods.fml.common.launcher.FMLTweaker, --tweakClass, net.minecraftforge.gradle.tweakers.CoremodTweaker]
[11:30:22] [main/INFO] [LaunchWrapper]: Loading tweak class name cpw.mods.fml.common.launcher.FMLTweaker
[11:30:22] [main/INFO] [LaunchWrapper]: Using primary tweak class name cpw.mods.fml.common.launcher.FMLTweaker
[11:30:22] [main/INFO] [LaunchWrapper]: Loading tweak class name net.minecraftforge.gradle.tweakers.CoremodTweaker
[11:30:22] [main/INFO] [LaunchWrapper]: Calling tweak class cpw.mods.fml.common.launcher.FMLTweaker
[11:31:26] [main/INFO] [GradleStart]: username: ldspcjunkie@gmail.com
[11:31:26] [main/INFO] [GradleStart]: Extra: []
[11:31:26] [main/INFO] [GradleStart]: Password found, attempting login
[11:31:28] [main/INFO] [GradleStart]: Login Succesful!
[11:31:28] [main/INFO] [GradleStart]: Running with arguments: [--userProperties, {"twitch_access_token":["l8wb0ko8l6feqs2g7poz8gwcb3gm6e2"]}, --assetsDir, C:/Users/SamuelPiWalker/.gradle/caches/minecraft/assets, --assetIndex, 1.7.10, --userType, mojang, --accessToken, {REDACTED}, --version, 1.7.10, --uuid, e1cb3bf0635546989d0e6ddfafd3e4a1, --username, PiWalker, --tweakClass, cpw.mods.fml.common.launcher.FMLTweaker, --tweakClass, net.minecraftforge.gradle.tweakers.CoremodTweaker]
[11:31:28] [main/INFO] [LaunchWrapper]: Loading tweak class name cpw.mods.fml.common.launcher.FMLTweaker
[11:31:28] [main/INFO] [LaunchWrapper]: Using primary tweak class name cpw.mods.fml.common.launcher.FMLTweaker
[11:31:28] [main/INFO] [LaunchWrapper]: Loading tweak class name net.minecraftforge.gradle.tweakers.CoremodTweaker
[11:31:28] [main/INFO] [LaunchWrapper]: Calling tweak class cpw.mods.fml.common.launcher.FMLTweaker
[11:41:09] [main/INFO] [GradleStart]: username: ldspcjunkie@gmail.com
[11:41:09] [main/INFO] [GradleStart]: Extra: []
[11:41:09] [main/INFO] [GradleStart]: Password found, attempting login
[11:41:11] [main/INFO] [GradleStart]: Login Succesful!
[11:41:11] [main/INFO] [GradleStart]: Running with arguments: [--userProperties, {"twitch_access_token":["l8wb0ko8l6feqs2g7poz8gwcb3gm6e2"]}, --assetsDir, C:/Users/SamuelPiWalker/.gradle/caches/minecraft/assets, --assetIndex, 1.7.10, --userType, mojang, --accessToken, {REDACTED}, --version, 1.7.10, --uuid, e1cb3bf0635546989d0e6ddfafd3e4a1, --username, PiWalker, --tweakClass, cpw.mods.fml.common.launcher.FMLTweaker, --tweakClass, net.minecraftforge.gradle.tweakers.CoremodTweaker]
[11:41:12] [main/INFO] [LaunchWrapper]: Loading tweak class name cpw.mods.fml.common.launcher.FMLTweaker
[11:41:12] [main/INFO] [LaunchWrapper]: Using primary tweak class name cpw.mods.fml.common.launcher.FMLTweaker
[11:41:12] [main/INFO] [LaunchWrapper]: Loading tweak class name net.minecraftforge.gradle.tweakers.CoremodTweaker
[11:41:12] [main/INFO] [LaunchWrapper]: Calling tweak class cpw.mods.fml.common.launcher.FMLTweaker
[11:44:35] [main/INFO] [GradleStart]: username: ldspcjunkie@gmail.com
[11:44:35] [main/INFO] [GradleStart]: Extra: []
[11:44:35] [main/INFO] [GradleStart]: Password found, attempting login
[11:44:37] [main/INFO] [GradleStart]: Login Succesful!
[11:44:37] [main/INFO] [GradleStart]: Running with arguments: [--userProperties, {"twitch_access_token":["l8wb0ko8l6feqs2g7poz8gwcb3gm6e2"]}, --assetsDir, C:/Users/SamuelPiWalker/.gradle/caches/minecraft/assets, --assetIndex, 1.7.10, --userType, mojang, --accessToken, {REDACTED}, --version, 1.7.10, --uuid, e1cb3bf0635546989d0e6ddfafd3e4a1, --username, PiWalker, --tweakClass, cpw.mods.fml.common.launcher.FMLTweaker, --tweakClass, net.minecraftforge.gradle.tweakers.CoremodTweaker]
[11:44:37] [main/INFO] [LaunchWrapper]: Loading tweak class name cpw.mods.fml.common.launcher.FMLTweaker
[11:44:38] [main/INFO] [LaunchWrapper]: Using primary tweak class name cpw.mods.fml.common.launcher.FMLTweaker
[11:44:38] [main/INFO] [LaunchWrapper]: Loading tweak class name net.minecraftforge.gradle.tweakers.CoremodTweaker
[11:44:38] [main/INFO] [LaunchWrapper]: Calling tweak class cpw.mods.fml.common.launcher.FMLTweaker
[11:46:37] [main/INFO] [GradleStart]: username: ldspcjunkie@gmail.com
[11:46:37] [main/INFO] [GradleStart]: Extra: []
[11:46:37] [main/INFO] [GradleStart]: Password found, attempting login
[11:46:40] [main/INFO] [GradleStart]: Login Succesful!
[11:46:40] [main/INFO] [GradleStart]: Running with arguments: [--userProperties, {"twitch_access_token":["l8wb0ko8l6feqs2g7poz8gwcb3gm6e2"]}, --assetsDir, C:/Users/SamuelPiWalker/.gradle/caches/minecraft/assets, --assetIndex, 1.7.10, --userType, mojang, --accessToken, {REDACTED}, --version, 1.7.10, --uuid, e1cb3bf0635546989d0e6ddfafd3e4a1, --username, PiWalker, --tweakClass, cpw.mods.fml.common.launcher.FMLTweaker, --tweakClass, net.minecraftforge.gradle.tweakers.CoremodTweaker]
[11:46:40] [main/INFO] [LaunchWrapper]: Loading tweak class name cpw.mods.fml.common.launcher.FMLTweaker
[11:46:40] [main/INFO] [LaunchWrapper]: Using primary tweak class name cpw.mods.fml.common.launcher.FMLTweaker
[11:46:40] [main/INFO] [LaunchWrapper]: Loading tweak class name net.minecraftforge.gradle.tweakers.CoremodTweaker
[11:46:40] [main/INFO] [LaunchWrapper]: Calling tweak class cpw.mods.fml.common.launcher.FMLTweaker
